<?xml version="1.0" encoding="UTF-8"?>
<testsuite xmlns:xsi="http://www.w3.org/2001/XMLSchema-instance" xsi:noNamespaceSchemaLocation="https://maven.apache.org/surefire/maven-surefire-plugin/xsd/surefire-test-report.xsd" name="sys.TsOrgTest" time="23.222" tests="2" errors="0" skipped="0" failures="0">
  <properties>
    <property name="sun.desktop" value="windows"/>
    <property name="awt.toolkit" value="sun.awt.windows.WToolkit"/>
    <property name="file.encoding.pkg" value="sun.io"/>
    <property name="java.specification.version" value="1.8"/>
    <property name="sun.cpu.isalist" value="amd64"/>
    <property name="sun.jnu.encoding" value="GBK"/>
    <property name="java.class.path" value="E:\IDEA_workspace_my\boot-cloud\zxcv-busi\target\test-classes;E:\IDEA_workspace_my\boot-cloud\zxcv-busi\target\classes;E:\99_my_work\maven\Repository\com\zxcv\zxcv-framework\0.0.1-SNAPSHOT\zxcv-framework-0.0.1-SNAPSHOT.jar;E:\99_my_work\maven\Repository\com\zxcv\zxcv-api\0.0.1-SNAPSHOT\zxcv-api-0.0.1-SNAPSHOT.jar;E:\99_my_work\maven\Repository\com\baomidou\mybatis-plus-annotation\3.1.1\mybatis-plus-annotation-3.1.1.jar;E:\99_my_work\maven\Repository\org\hibernate\validator\hibernate-validator\6.0.16.Final\hibernate-validator-6.0.16.Final.jar;E:\99_my_work\maven\Repository\javax\validation\validation-api\2.0.1.Final\validation-api-2.0.1.Final.jar;E:\99_my_work\maven\Repository\org\jboss\logging\jboss-logging\3.3.2.Final\jboss-logging-3.3.2.Final.jar;E:\99_my_work\maven\Repository\com\fasterxml\classmate\1.4.0\classmate-1.4.0.jar;E:\99_my_work\maven\Repository\org\springframework\boot\spring-boot-starter-web\2.1.4.RELEASE\spring-boot-starter-web-2.1.4.RELEASE.jar;E:\99_my_work\maven\Repository\org\springframework\boot\spring-boot-starter-json\2.1.4.RELEASE\spring-boot-starter-json-2.1.4.RELEASE.jar;E:\99_my_work\maven\Repository\com\fasterxml\jackson\datatype\jackson-datatype-jdk8\2.9.8\jackson-datatype-jdk8-2.9.8.jar;E:\99_my_work\maven\Repository\com\fasterxml\jackson\datatype\jackson-datatype-jsr310\2.9.8\jackson-datatype-jsr310-2.9.8.jar;E:\99_my_work\maven\Repository\com\fasterxml\jackson\module\jackson-module-parameter-names\2.9.8\jackson-module-parameter-names-2.9.8.jar;E:\99_my_work\maven\Repository\org\springframework\boot\spring-boot-starter-tomcat\2.1.4.RELEASE\spring-boot-starter-tomcat-2.1.4.RELEASE.jar;E:\99_my_work\maven\Repository\org\apache\tomcat\embed\tomcat-embed-core\9.0.17\tomcat-embed-core-9.0.17.jar;E:\99_my_work\maven\Repository\org\apache\tomcat\embed\tomcat-embed-el\9.0.17\tomcat-embed-el-9.0.17.jar;E:\99_my_work\maven\Repository\org\apache\tomcat\embed\tomcat-embed-websocket\9.0.17\tomcat-embed-websocket-9.0.17.jar;E:\99_my_work\maven\Repository\org\springframework\spring-web\5.1.6.RELEASE\spring-web-5.1.6.RELEASE.jar;E:\99_my_work\maven\Repository\org\springframework\spring-webmvc\5.1.6.RELEASE\spring-webmvc-5.1.6.RELEASE.jar;E:\99_my_work\maven\Repository\org\springframework\spring-aop\5.1.6.RELEASE\spring-aop-5.1.6.RELEASE.jar;E:\99_my_work\maven\Repository\org\springframework\spring-expression\5.1.6.RELEASE\spring-expression-5.1.6.RELEASE.jar;E:\99_my_work\maven\Repository\org\springframework\boot\spring-boot-starter-data-redis\2.1.4.RELEASE\spring-boot-starter-data-redis-2.1.4.RELEASE.jar;E:\99_my_work\maven\Repository\org\springframework\data\spring-data-redis\2.1.6.RELEASE\spring-data-redis-2.1.6.RELEASE.jar;E:\99_my_work\maven\Repository\org\springframework\data\spring-data-keyvalue\2.1.6.RELEASE\spring-data-keyvalue-2.1.6.RELEASE.jar;E:\99_my_work\maven\Repository\org\springframework\data\spring-data-commons\2.1.6.RELEASE\spring-data-commons-2.1.6.RELEASE.jar;E:\99_my_work\maven\Repository\org\springframework\spring-oxm\5.1.6.RELEASE\spring-oxm-5.1.6.RELEASE.jar;E:\99_my_work\maven\Repository\org\springframework\spring-context-support\5.1.6.RELEASE\spring-context-support-5.1.6.RELEASE.jar;E:\99_my_work\maven\Repository\io\lettuce\lettuce-core\5.1.6.RELEASE\lettuce-core-5.1.6.RELEASE.jar;E:\99_my_work\maven\Repository\io\netty\netty-common\4.1.34.Final\netty-common-4.1.34.Final.jar;E:\99_my_work\maven\Repository\io\netty\netty-handler\4.1.34.Final\netty-handler-4.1.34.Final.jar;E:\99_my_work\maven\Repository\io\netty\netty-buffer\4.1.34.Final\netty-buffer-4.1.34.Final.jar;E:\99_my_work\maven\Repository\io\netty\netty-codec\4.1.34.Final\netty-codec-4.1.34.Final.jar;E:\99_my_work\maven\Repository\io\netty\netty-transport\4.1.34.Final\netty-transport-4.1.34.Final.jar;E:\99_my_work\maven\Repository\io\netty\netty-resolver\4.1.34.Final\netty-resolver-4.1.34.Final.jar;E:\99_my_work\maven\Repository\io\projectreactor\reactor-core\3.2.8.RELEASE\reactor-core-3.2.8.RELEASE.jar;E:\99_my_work\maven\Repository\org\reactivestreams\reactive-streams\1.0.2\reactive-streams-1.0.2.jar;E:\99_my_work\maven\Repository\com\alibaba\dubbo\2.6.1\dubbo-2.6.1.jar;E:\99_my_work\maven\Repository\org\springframework\spring-context\5.1.6.RELEASE\spring-context-5.1.6.RELEASE.jar;E:\99_my_work\maven\Repository\org\javassist\javassist\3.20.0-GA\javassist-3.20.0-GA.jar;E:\99_my_work\maven\Repository\org\apache\zookeeper\zookeeper\3.4.8\zookeeper-3.4.8.jar;E:\99_my_work\maven\Repository\org\slf4j\slf4j-api\1.7.26\slf4j-api-1.7.26.jar;E:\99_my_work\maven\Repository\log4j\log4j\1.2.16\log4j-1.2.16.jar;E:\99_my_work\maven\Repository\jline\jline\0.9.94\jline-0.9.94.jar;E:\99_my_work\maven\Repository\io\netty\netty\3.7.0.Final\netty-3.7.0.Final.jar;E:\99_my_work\maven\Repository\com\github\sgroschupf\zkclient\0.1\zkclient-0.1.jar;E:\99_my_work\maven\Repository\org\apache\curator\curator-framework\4.0.1\curator-framework-4.0.1.jar;E:\99_my_work\maven\Repository\org\apache\curator\curator-client\4.0.1\curator-client-4.0.1.jar;E:\99_my_work\maven\Repository\com\google\guava\guava\20.0\guava-20.0.jar;E:\99_my_work\maven\Repository\com\baomidou\mybatis-plus-boot-starter\3.1.1\mybatis-plus-boot-starter-3.1.1.jar;E:\99_my_work\maven\Repository\com\baomidou\mybatis-plus\3.1.1\mybatis-plus-3.1.1.jar;E:\99_my_work\maven\Repository\org\springframework\boot\spring-boot-autoconfigure\2.1.4.RELEASE\spring-boot-autoconfigure-2.1.4.RELEASE.jar;E:\99_my_work\maven\Repository\org\springframework\boot\spring-boot-starter-jdbc\2.1.4.RELEASE\spring-boot-starter-jdbc-2.1.4.RELEASE.jar;E:\99_my_work\maven\Repository\com\zaxxer\HikariCP\3.2.0\HikariCP-3.2.0.jar;E:\99_my_work\maven\Repository\com\baomidou\mybatis-plus-generator\3.1.1\mybatis-plus-generator-3.1.1.jar;E:\99_my_work\maven\Repository\com\baomidou\mybatis-plus-extension\3.1.1\mybatis-plus-extension-3.1.1.jar;E:\99_my_work\maven\Repository\com\baomidou\mybatis-plus-core\3.1.1\mybatis-plus-core-3.1.1.jar;E:\99_my_work\maven\Repository\com\github\jsqlparser\jsqlparser\1.2\jsqlparser-1.2.jar;E:\99_my_work\maven\Repository\org\mybatis\mybatis\3.5.1\mybatis-3.5.1.jar;E:\99_my_work\maven\Repository\org\mybatis\mybatis-spring\2.0.1\mybatis-spring-2.0.1.jar;E:\99_my_work\maven\Repository\org\apache\velocity\velocity\1.7\velocity-1.7.jar;E:\99_my_work\maven\Repository\commons-collections\commons-collections\3.2.1\commons-collections-3.2.1.jar;E:\99_my_work\maven\Repository\commons-lang\commons-lang\2.4\commons-lang-2.4.jar;E:\99_my_work\maven\Repository\com\fasterxml\jackson\core\jackson-databind\2.9.8\jackson-databind-2.9.8.jar;E:\99_my_work\maven\Repository\com\fasterxml\jackson\core\jackson-annotations\2.9.0\jackson-annotations-2.9.0.jar;E:\99_my_work\maven\Repository\com\fasterxml\jackson\core\jackson-core\2.9.8\jackson-core-2.9.8.jar;E:\99_my_work\maven\Repository\org\aspectj\aspectjrt\1.9.2\aspectjrt-1.9.2.jar;E:\99_my_work\maven\Repository\org\aspectj\aspectjweaver\1.9.2\aspectjweaver-1.9.2.jar;E:\99_my_work\maven\Repository\org\apache\rocketmq\rocketmq-spring-boot-starter\2.0.3\rocketmq-spring-boot-starter-2.0.3.jar;E:\99_my_work\maven\Repository\org\apache\rocketmq\rocketmq-spring-boot\2.0.3\rocketmq-spring-boot-2.0.3.jar;E:\99_my_work\maven\Repository\org\apache\rocketmq\rocketmq-client\4.5.1\rocketmq-client-4.5.1.jar;E:\99_my_work\maven\Repository\org\apache\rocketmq\rocketmq-common\4.5.1\rocketmq-common-4.5.1.jar;E:\99_my_work\maven\Repository\org\apache\commons\commons-lang3\3.8.1\commons-lang3-3.8.1.jar;E:\99_my_work\maven\Repository\org\apache\rocketmq\rocketmq-acl\4.5.1\rocketmq-acl-4.5.1.jar;E:\99_my_work\maven\Repository\org\apache\rocketmq\rocketmq-remoting\4.5.1\rocketmq-remoting-4.5.1.jar;E:\99_my_work\maven\Repository\io\netty\netty-tcnative-boringssl-static\2.0.24.Final\netty-tcnative-boringssl-static-2.0.24.Final.jar;E:\99_my_work\maven\Repository\org\apache\rocketmq\rocketmq-logging\4.5.1\rocketmq-logging-4.5.1.jar;E:\99_my_work\maven\Repository\org\apache\rocketmq\rocketmq-srvutil\4.5.1\rocketmq-srvutil-4.5.1.jar;E:\99_my_work\maven\Repository\commons-cli\commons-cli\1.2\commons-cli-1.2.jar;E:\99_my_work\maven\Repository\commons-codec\commons-codec\1.11\commons-codec-1.11.jar;E:\99_my_work\maven\Repository\org\springframework\boot\spring-boot-starter-validation\2.1.4.RELEASE\spring-boot-starter-validation-2.1.4.RELEASE.jar;E:\99_my_work\maven\Repository\org\springframework\spring-messaging\5.1.6.RELEASE\spring-messaging-5.1.6.RELEASE.jar;E:\99_my_work\maven\Repository\org\apache\ant\ant\1.8.2\ant-1.8.2.jar;E:\99_my_work\maven\Repository\org\apache\ant\ant-launcher\1.8.2\ant-launcher-1.8.2.jar;E:\99_my_work\maven\Repository\net\sourceforge\javacsv\javacsv\2.0\javacsv-2.0.jar;E:\99_my_work\maven\Repository\org\springframework\boot\spring-boot-starter-test\2.1.4.RELEASE\spring-boot-starter-test-2.1.4.RELEASE.jar;E:\99_my_work\maven\Repository\org\springframework\boot\spring-boot-starter\2.1.4.RELEASE\spring-boot-starter-2.1.4.RELEASE.jar;E:\99_my_work\maven\Repository\org\springframework\boot\spring-boot\2.1.4.RELEASE\spring-boot-2.1.4.RELEASE.jar;E:\99_my_work\maven\Repository\org\springframework\boot\spring-boot-starter-logging\2.1.4.RELEASE\spring-boot-starter-logging-2.1.4.RELEASE.jar;E:\99_my_work\maven\Repository\ch\qos\logback\logback-classic\1.2.3\logback-classic-1.2.3.jar;E:\99_my_work\maven\Repository\ch\qos\logback\logback-core\1.2.3\logback-core-1.2.3.jar;E:\99_my_work\maven\Repository\org\apache\logging\log4j\log4j-to-slf4j\2.11.2\log4j-to-slf4j-2.11.2.jar;E:\99_my_work\maven\Repository\org\apache\logging\log4j\log4j-api\2.11.2\log4j-api-2.11.2.jar;E:\99_my_work\maven\Repository\org\slf4j\jul-to-slf4j\1.7.26\jul-to-slf4j-1.7.26.jar;E:\99_my_work\maven\Repository\javax\annotation\javax.annotation-api\1.3.2\javax.annotation-api-1.3.2.jar;E:\99_my_work\maven\Repository\org\yaml\snakeyaml\1.23\snakeyaml-1.23.jar;E:\99_my_work\maven\Repository\org\springframework\boot\spring-boot-test\2.1.4.RELEASE\spring-boot-test-2.1.4.RELEASE.jar;E:\99_my_work\maven\Repository\org\springframework\boot\spring-boot-test-autoconfigure\2.1.4.RELEASE\spring-boot-test-autoconfigure-2.1.4.RELEASE.jar;E:\99_my_work\maven\Repository\com\jayway\jsonpath\json-path\2.4.0\json-path-2.4.0.jar;E:\99_my_work\maven\Repository\net\minidev\json-smart\2.3\json-smart-2.3.jar;E:\99_my_work\maven\Repository\net\minidev\accessors-smart\1.2\accessors-smart-1.2.jar;E:\99_my_work\maven\Repository\org\ow2\asm\asm\5.0.4\asm-5.0.4.jar;E:\99_my_work\maven\Repository\junit\junit\4.12\junit-4.12.jar;E:\99_my_work\maven\Repository\org\assertj\assertj-core\3.11.1\assertj-core-3.11.1.jar;E:\99_my_work\maven\Repository\org\mockito\mockito-core\2.23.4\mockito-core-2.23.4.jar;E:\99_my_work\maven\Repository\net\bytebuddy\byte-buddy\1.9.12\byte-buddy-1.9.12.jar;E:\99_my_work\maven\Repository\net\bytebuddy\byte-buddy-agent\1.9.12\byte-buddy-agent-1.9.12.jar;E:\99_my_work\maven\Repository\org\objenesis\objenesis\2.6\objenesis-2.6.jar;E:\99_my_work\maven\Repository\org\hamcrest\hamcrest-core\1.3\hamcrest-core-1.3.jar;E:\99_my_work\maven\Repository\org\hamcrest\hamcrest-library\1.3\hamcrest-library-1.3.jar;E:\99_my_work\maven\Repository\org\skyscreamer\jsonassert\1.5.0\jsonassert-1.5.0.jar;E:\99_my_work\maven\Repository\com\vaadin\external\google\android-json\0.0.20131108.vaadin1\android-json-0.0.20131108.vaadin1.jar;E:\99_my_work\maven\Repository\org\springframework\spring-core\5.1.6.RELEASE\spring-core-5.1.6.RELEASE.jar;E:\99_my_work\maven\Repository\org\springframework\spring-jcl\5.1.6.RELEASE\spring-jcl-5.1.6.RELEASE.jar;E:\99_my_work\maven\Repository\org\springframework\spring-test\5.1.6.RELEASE\spring-test-5.1.6.RELEASE.jar;E:\99_my_work\maven\Repository\org\xmlunit\xmlunit-core\2.6.2\xmlunit-core-2.6.2.jar;E:\99_my_work\maven\Repository\com\alibaba\druid\1.1.17\druid-1.1.17.jar;E:\99_my_work\maven\Repository\org\springframework\spring-jdbc\5.1.4.RELEASE\spring-jdbc-5.1.4.RELEASE.jar;E:\99_my_work\maven\Repository\org\springframework\spring-beans\5.1.6.RELEASE\spring-beans-5.1.6.RELEASE.jar;E:\99_my_work\maven\Repository\org\springframework\spring-tx\5.1.6.RELEASE\spring-tx-5.1.6.RELEASE.jar;E:\99_my_work\maven\Repository\mysql\mysql-connector-java\5.1.10\mysql-connector-java-5.1.10.jar;E:\99_my_work\maven\Repository\cn\hutool\hutool-all\4.4.0\hutool-all-4.4.0.jar;E:\99_my_work\maven\Repository\com\alibaba\fastjson\1.2.49\fastjson-1.2.49.jar;E:\99_my_work\maven\Repository\com\xuxueli\xxl-job-core\2.1.0\xxl-job-core-2.1.0.jar;E:\99_my_work\maven\Repository\com\xuxueli\xxl-rpc-core\1.4.1\xxl-rpc-core-1.4.1.jar;E:\99_my_work\maven\Repository\io\netty\netty-all\4.1.32.Final\netty-all-4.1.32.Final.jar;E:\99_my_work\maven\Repository\com\caucho\hessian\4.0.60\hessian-4.0.60.jar;E:\99_my_work\maven\Repository\com\xuxueli\xxl-registry-client\1.0.2\xxl-registry-client-1.0.2.jar;E:\99_my_work\maven\Repository\org\codehaus\groovy\groovy\2.5.6\groovy-2.5.6.jar;E:\99_my_work\maven\Repository\org\apache\commons\commons-exec\1.3\commons-exec-1.3.jar;"/>
    <property name="java.vm.vendor" value="Oracle Corporation"/>
    <property name="sun.arch.data.model" value="64"/>
    <property name="user.variant" value=""/>
    <property name="java.vendor.url" value="http://java.oracle.com/"/>
    <property name="user.timezone" value="Asia/Shanghai"/>
    <property name="java.vm.specification.version" value="1.8"/>
    <property name="os.name" value="Windows 10"/>
    <property name="user.country" value="CN"/>
    <property name="sun.java.launcher" value="SUN_STANDARD"/>
    <property name="sun.boot.library.path" value="C:\Program Files\Java\jdk1.8.0_101\jre\bin"/>
    <property name="sun.java.command" value="C:\Users\iron-man\AppData\Local\Temp\surefire299367348049002587\surefirebooter651935526251582974.jar C:\Users\iron-man\AppData\Local\Temp\surefire299367348049002587 2019-10-15T10-16-57_056-jvmRun1 surefire4225412355286262429tmp surefire_05588344189597840082tmp"/>
    <property name="surefire.test.class.path" value="E:\IDEA_workspace_my\boot-cloud\zxcv-busi\target\test-classes;E:\IDEA_workspace_my\boot-cloud\zxcv-busi\target\classes;E:\99_my_work\maven\Repository\com\zxcv\zxcv-framework\0.0.1-SNAPSHOT\zxcv-framework-0.0.1-SNAPSHOT.jar;E:\99_my_work\maven\Repository\com\zxcv\zxcv-api\0.0.1-SNAPSHOT\zxcv-api-0.0.1-SNAPSHOT.jar;E:\99_my_work\maven\Repository\com\baomidou\mybatis-plus-annotation\3.1.1\mybatis-plus-annotation-3.1.1.jar;E:\99_my_work\maven\Repository\org\hibernate\validator\hibernate-validator\6.0.16.Final\hibernate-validator-6.0.16.Final.jar;E:\99_my_work\maven\Repository\javax\validation\validation-api\2.0.1.Final\validation-api-2.0.1.Final.jar;E:\99_my_work\maven\Repository\org\jboss\logging\jboss-logging\3.3.2.Final\jboss-logging-3.3.2.Final.jar;E:\99_my_work\maven\Repository\com\fasterxml\classmate\1.4.0\classmate-1.4.0.jar;E:\99_my_work\maven\Repository\org\springframework\boot\spring-boot-starter-web\2.1.4.RELEASE\spring-boot-starter-web-2.1.4.RELEASE.jar;E:\99_my_work\maven\Repository\org\springframework\boot\spring-boot-starter-json\2.1.4.RELEASE\spring-boot-starter-json-2.1.4.RELEASE.jar;E:\99_my_work\maven\Repository\com\fasterxml\jackson\datatype\jackson-datatype-jdk8\2.9.8\jackson-datatype-jdk8-2.9.8.jar;E:\99_my_work\maven\Repository\com\fasterxml\jackson\datatype\jackson-datatype-jsr310\2.9.8\jackson-datatype-jsr310-2.9.8.jar;E:\99_my_work\maven\Repository\com\fasterxml\jackson\module\jackson-module-parameter-names\2.9.8\jackson-module-parameter-names-2.9.8.jar;E:\99_my_work\maven\Repository\org\springframework\boot\spring-boot-starter-tomcat\2.1.4.RELEASE\spring-boot-starter-tomcat-2.1.4.RELEASE.jar;E:\99_my_work\maven\Repository\org\apache\tomcat\embed\tomcat-embed-core\9.0.17\tomcat-embed-core-9.0.17.jar;E:\99_my_work\maven\Repository\org\apache\tomcat\embed\tomcat-embed-el\9.0.17\tomcat-embed-el-9.0.17.jar;E:\99_my_work\maven\Repository\org\apache\tomcat\embed\tomcat-embed-websocket\9.0.17\tomcat-embed-websocket-9.0.17.jar;E:\99_my_work\maven\Repository\org\springframework\spring-web\5.1.6.RELEASE\spring-web-5.1.6.RELEASE.jar;E:\99_my_work\maven\Repository\org\springframework\spring-webmvc\5.1.6.RELEASE\spring-webmvc-5.1.6.RELEASE.jar;E:\99_my_work\maven\Repository\org\springframework\spring-aop\5.1.6.RELEASE\spring-aop-5.1.6.RELEASE.jar;E:\99_my_work\maven\Repository\org\springframework\spring-expression\5.1.6.RELEASE\spring-expression-5.1.6.RELEASE.jar;E:\99_my_work\maven\Repository\org\springframework\boot\spring-boot-starter-data-redis\2.1.4.RELEASE\spring-boot-starter-data-redis-2.1.4.RELEASE.jar;E:\99_my_work\maven\Repository\org\springframework\data\spring-data-redis\2.1.6.RELEASE\spring-data-redis-2.1.6.RELEASE.jar;E:\99_my_work\maven\Repository\org\springframework\data\spring-data-keyvalue\2.1.6.RELEASE\spring-data-keyvalue-2.1.6.RELEASE.jar;E:\99_my_work\maven\Repository\org\springframework\data\spring-data-commons\2.1.6.RELEASE\spring-data-commons-2.1.6.RELEASE.jar;E:\99_my_work\maven\Repository\org\springframework\spring-oxm\5.1.6.RELEASE\spring-oxm-5.1.6.RELEASE.jar;E:\99_my_work\maven\Repository\org\springframework\spring-context-support\5.1.6.RELEASE\spring-context-support-5.1.6.RELEASE.jar;E:\99_my_work\maven\Repository\io\lettuce\lettuce-core\5.1.6.RELEASE\lettuce-core-5.1.6.RELEASE.jar;E:\99_my_work\maven\Repository\io\netty\netty-common\4.1.34.Final\netty-common-4.1.34.Final.jar;E:\99_my_work\maven\Repository\io\netty\netty-handler\4.1.34.Final\netty-handler-4.1.34.Final.jar;E:\99_my_work\maven\Repository\io\netty\netty-buffer\4.1.34.Final\netty-buffer-4.1.34.Final.jar;E:\99_my_work\maven\Repository\io\netty\netty-codec\4.1.34.Final\netty-codec-4.1.34.Final.jar;E:\99_my_work\maven\Repository\io\netty\netty-transport\4.1.34.Final\netty-transport-4.1.34.Final.jar;E:\99_my_work\maven\Repository\io\netty\netty-resolver\4.1.34.Final\netty-resolver-4.1.34.Final.jar;E:\99_my_work\maven\Repository\io\projectreactor\reactor-core\3.2.8.RELEASE\reactor-core-3.2.8.RELEASE.jar;E:\99_my_work\maven\Repository\org\reactivestreams\reactive-streams\1.0.2\reactive-streams-1.0.2.jar;E:\99_my_work\maven\Repository\com\alibaba\dubbo\2.6.1\dubbo-2.6.1.jar;E:\99_my_work\maven\Repository\org\springframework\spring-context\5.1.6.RELEASE\spring-context-5.1.6.RELEASE.jar;E:\99_my_work\maven\Repository\org\javassist\javassist\3.20.0-GA\javassist-3.20.0-GA.jar;E:\99_my_work\maven\Repository\org\apache\zookeeper\zookeeper\3.4.8\zookeeper-3.4.8.jar;E:\99_my_work\maven\Repository\org\slf4j\slf4j-api\1.7.26\slf4j-api-1.7.26.jar;E:\99_my_work\maven\Repository\log4j\log4j\1.2.16\log4j-1.2.16.jar;E:\99_my_work\maven\Repository\jline\jline\0.9.94\jline-0.9.94.jar;E:\99_my_work\maven\Repository\io\netty\netty\3.7.0.Final\netty-3.7.0.Final.jar;E:\99_my_work\maven\Repository\com\github\sgroschupf\zkclient\0.1\zkclient-0.1.jar;E:\99_my_work\maven\Repository\org\apache\curator\curator-framework\4.0.1\curator-framework-4.0.1.jar;E:\99_my_work\maven\Repository\org\apache\curator\curator-client\4.0.1\curator-client-4.0.1.jar;E:\99_my_work\maven\Repository\com\google\guava\guava\20.0\guava-20.0.jar;E:\99_my_work\maven\Repository\com\baomidou\mybatis-plus-boot-starter\3.1.1\mybatis-plus-boot-starter-3.1.1.jar;E:\99_my_work\maven\Repository\com\baomidou\mybatis-plus\3.1.1\mybatis-plus-3.1.1.jar;E:\99_my_work\maven\Repository\org\springframework\boot\spring-boot-autoconfigure\2.1.4.RELEASE\spring-boot-autoconfigure-2.1.4.RELEASE.jar;E:\99_my_work\maven\Repository\org\springframework\boot\spring-boot-starter-jdbc\2.1.4.RELEASE\spring-boot-starter-jdbc-2.1.4.RELEASE.jar;E:\99_my_work\maven\Repository\com\zaxxer\HikariCP\3.2.0\HikariCP-3.2.0.jar;E:\99_my_work\maven\Repository\com\baomidou\mybatis-plus-generator\3.1.1\mybatis-plus-generator-3.1.1.jar;E:\99_my_work\maven\Repository\com\baomidou\mybatis-plus-extension\3.1.1\mybatis-plus-extension-3.1.1.jar;E:\99_my_work\maven\Repository\com\baomidou\mybatis-plus-core\3.1.1\mybatis-plus-core-3.1.1.jar;E:\99_my_work\maven\Repository\com\github\jsqlparser\jsqlparser\1.2\jsqlparser-1.2.jar;E:\99_my_work\maven\Repository\org\mybatis\mybatis\3.5.1\mybatis-3.5.1.jar;E:\99_my_work\maven\Repository\org\mybatis\mybatis-spring\2.0.1\mybatis-spring-2.0.1.jar;E:\99_my_work\maven\Repository\org\apache\velocity\velocity\1.7\velocity-1.7.jar;E:\99_my_work\maven\Repository\commons-collections\commons-collections\3.2.1\commons-collections-3.2.1.jar;E:\99_my_work\maven\Repository\commons-lang\commons-lang\2.4\commons-lang-2.4.jar;E:\99_my_work\maven\Repository\com\fasterxml\jackson\core\jackson-databind\2.9.8\jackson-databind-2.9.8.jar;E:\99_my_work\maven\Repository\com\fasterxml\jackson\core\jackson-annotations\2.9.0\jackson-annotations-2.9.0.jar;E:\99_my_work\maven\Repository\com\fasterxml\jackson\core\jackson-core\2.9.8\jackson-core-2.9.8.jar;E:\99_my_work\maven\Repository\org\aspectj\aspectjrt\1.9.2\aspectjrt-1.9.2.jar;E:\99_my_work\maven\Repository\org\aspectj\aspectjweaver\1.9.2\aspectjweaver-1.9.2.jar;E:\99_my_work\maven\Repository\org\apache\rocketmq\rocketmq-spring-boot-starter\2.0.3\rocketmq-spring-boot-starter-2.0.3.jar;E:\99_my_work\maven\Repository\org\apache\rocketmq\rocketmq-spring-boot\2.0.3\rocketmq-spring-boot-2.0.3.jar;E:\99_my_work\maven\Repository\org\apache\rocketmq\rocketmq-client\4.5.1\rocketmq-client-4.5.1.jar;E:\99_my_work\maven\Repository\org\apache\rocketmq\rocketmq-common\4.5.1\rocketmq-common-4.5.1.jar;E:\99_my_work\maven\Repository\org\apache\commons\commons-lang3\3.8.1\commons-lang3-3.8.1.jar;E:\99_my_work\maven\Repository\org\apache\rocketmq\rocketmq-acl\4.5.1\rocketmq-acl-4.5.1.jar;E:\99_my_work\maven\Repository\org\apache\rocketmq\rocketmq-remoting\4.5.1\rocketmq-remoting-4.5.1.jar;E:\99_my_work\maven\Repository\io\netty\netty-tcnative-boringssl-static\2.0.24.Final\netty-tcnative-boringssl-static-2.0.24.Final.jar;E:\99_my_work\maven\Repository\org\apache\rocketmq\rocketmq-logging\4.5.1\rocketmq-logging-4.5.1.jar;E:\99_my_work\maven\Repository\org\apache\rocketmq\rocketmq-srvutil\4.5.1\rocketmq-srvutil-4.5.1.jar;E:\99_my_work\maven\Repository\commons-cli\commons-cli\1.2\commons-cli-1.2.jar;E:\99_my_work\maven\Repository\commons-codec\commons-codec\1.11\commons-codec-1.11.jar;E:\99_my_work\maven\Repository\org\springframework\boot\spring-boot-starter-validation\2.1.4.RELEASE\spring-boot-starter-validation-2.1.4.RELEASE.jar;E:\99_my_work\maven\Repository\org\springframework\spring-messaging\5.1.6.RELEASE\spring-messaging-5.1.6.RELEASE.jar;E:\99_my_work\maven\Repository\org\apache\ant\ant\1.8.2\ant-1.8.2.jar;E:\99_my_work\maven\Repository\org\apache\ant\ant-launcher\1.8.2\ant-launcher-1.8.2.jar;E:\99_my_work\maven\Repository\net\sourceforge\javacsv\javacsv\2.0\javacsv-2.0.jar;E:\99_my_work\maven\Repository\org\springframework\boot\spring-boot-starter-test\2.1.4.RELEASE\spring-boot-starter-test-2.1.4.RELEASE.jar;E:\99_my_work\maven\Repository\org\springframework\boot\spring-boot-starter\2.1.4.RELEASE\spring-boot-starter-2.1.4.RELEASE.jar;E:\99_my_work\maven\Repository\org\springframework\boot\spring-boot\2.1.4.RELEASE\spring-boot-2.1.4.RELEASE.jar;E:\99_my_work\maven\Repository\org\springframework\boot\spring-boot-starter-logging\2.1.4.RELEASE\spring-boot-starter-logging-2.1.4.RELEASE.jar;E:\99_my_work\maven\Repository\ch\qos\logback\logback-classic\1.2.3\logback-classic-1.2.3.jar;E:\99_my_work\maven\Repository\ch\qos\logback\logback-core\1.2.3\logback-core-1.2.3.jar;E:\99_my_work\maven\Repository\org\apache\logging\log4j\log4j-to-slf4j\2.11.2\log4j-to-slf4j-2.11.2.jar;E:\99_my_work\maven\Repository\org\apache\logging\log4j\log4j-api\2.11.2\log4j-api-2.11.2.jar;E:\99_my_work\maven\Repository\org\slf4j\jul-to-slf4j\1.7.26\jul-to-slf4j-1.7.26.jar;E:\99_my_work\maven\Repository\javax\annotation\javax.annotation-api\1.3.2\javax.annotation-api-1.3.2.jar;E:\99_my_work\maven\Repository\org\yaml\snakeyaml\1.23\snakeyaml-1.23.jar;E:\99_my_work\maven\Repository\org\springframework\boot\spring-boot-test\2.1.4.RELEASE\spring-boot-test-2.1.4.RELEASE.jar;E:\99_my_work\maven\Repository\org\springframework\boot\spring-boot-test-autoconfigure\2.1.4.RELEASE\spring-boot-test-autoconfigure-2.1.4.RELEASE.jar;E:\99_my_work\maven\Repository\com\jayway\jsonpath\json-path\2.4.0\json-path-2.4.0.jar;E:\99_my_work\maven\Repository\net\minidev\json-smart\2.3\json-smart-2.3.jar;E:\99_my_work\maven\Repository\net\minidev\accessors-smart\1.2\accessors-smart-1.2.jar;E:\99_my_work\maven\Repository\org\ow2\asm\asm\5.0.4\asm-5.0.4.jar;E:\99_my_work\maven\Repository\junit\junit\4.12\junit-4.12.jar;E:\99_my_work\maven\Repository\org\assertj\assertj-core\3.11.1\assertj-core-3.11.1.jar;E:\99_my_work\maven\Repository\org\mockito\mockito-core\2.23.4\mockito-core-2.23.4.jar;E:\99_my_work\maven\Repository\net\bytebuddy\byte-buddy\1.9.12\byte-buddy-1.9.12.jar;E:\99_my_work\maven\Repository\net\bytebuddy\byte-buddy-agent\1.9.12\byte-buddy-agent-1.9.12.jar;E:\99_my_work\maven\Repository\org\objenesis\objenesis\2.6\objenesis-2.6.jar;E:\99_my_work\maven\Repository\org\hamcrest\hamcrest-core\1.3\hamcrest-core-1.3.jar;E:\99_my_work\maven\Repository\org\hamcrest\hamcrest-library\1.3\hamcrest-library-1.3.jar;E:\99_my_work\maven\Repository\org\skyscreamer\jsonassert\1.5.0\jsonassert-1.5.0.jar;E:\99_my_work\maven\Repository\com\vaadin\external\google\android-json\0.0.20131108.vaadin1\android-json-0.0.20131108.vaadin1.jar;E:\99_my_work\maven\Repository\org\springframework\spring-core\5.1.6.RELEASE\spring-core-5.1.6.RELEASE.jar;E:\99_my_work\maven\Repository\org\springframework\spring-jcl\5.1.6.RELEASE\spring-jcl-5.1.6.RELEASE.jar;E:\99_my_work\maven\Repository\org\springframework\spring-test\5.1.6.RELEASE\spring-test-5.1.6.RELEASE.jar;E:\99_my_work\maven\Repository\org\xmlunit\xmlunit-core\2.6.2\xmlunit-core-2.6.2.jar;E:\99_my_work\maven\Repository\com\alibaba\druid\1.1.17\druid-1.1.17.jar;E:\99_my_work\maven\Repository\org\springframework\spring-jdbc\5.1.4.RELEASE\spring-jdbc-5.1.4.RELEASE.jar;E:\99_my_work\maven\Repository\org\springframework\spring-beans\5.1.6.RELEASE\spring-beans-5.1.6.RELEASE.jar;E:\99_my_work\maven\Repository\org\springframework\spring-tx\5.1.6.RELEASE\spring-tx-5.1.6.RELEASE.jar;E:\99_my_work\maven\Repository\mysql\mysql-connector-java\5.1.10\mysql-connector-java-5.1.10.jar;E:\99_my_work\maven\Repository\cn\hutool\hutool-all\4.4.0\hutool-all-4.4.0.jar;E:\99_my_work\maven\Repository\com\alibaba\fastjson\1.2.49\fastjson-1.2.49.jar;E:\99_my_work\maven\Repository\com\xuxueli\xxl-job-core\2.1.0\xxl-job-core-2.1.0.jar;E:\99_my_work\maven\Repository\com\xuxueli\xxl-rpc-core\1.4.1\xxl-rpc-core-1.4.1.jar;E:\99_my_work\maven\Repository\io\netty\netty-all\4.1.32.Final\netty-all-4.1.32.Final.jar;E:\99_my_work\maven\Repository\com\caucho\hessian\4.0.60\hessian-4.0.60.jar;E:\99_my_work\maven\Repository\com\xuxueli\xxl-registry-client\1.0.2\xxl-registry-client-1.0.2.jar;E:\99_my_work\maven\Repository\org\codehaus\groovy\groovy\2.5.6\groovy-2.5.6.jar;E:\99_my_work\maven\Repository\org\apache\commons\commons-exec\1.3\commons-exec-1.3.jar;"/>
    <property name="sun.cpu.endian" value="little"/>
    <property name="user.home" value="C:\Users\iron-man"/>
    <property name="user.language" value="zh"/>
    <property name="java.specification.vendor" value="Oracle Corporation"/>
    <property name="java.home" value="C:\Program Files\Java\jdk1.8.0_101\jre"/>
    <property name="basedir" value="E:\IDEA_workspace_my\boot-cloud\zxcv-busi"/>
    <property name="file.separator" value="\"/>
    <property name="line.separator" value="&#10;"/>
    <property name="java.vm.specification.vendor" value="Oracle Corporation"/>
    <property name="java.specification.name" value="Java Platform API Specification"/>
    <property name="java.awt.graphicsenv" value="sun.awt.Win32GraphicsEnvironment"/>
    <property name="surefire.real.class.path" value="C:\Users\iron-man\AppData\Local\Temp\surefire299367348049002587\surefirebooter651935526251582974.jar"/>
    <property name="sun.boot.class.path" value="C:\Program Files\Java\jdk1.8.0_101\jre\lib\resources.jar;C:\Program Files\Java\jdk1.8.0_101\jre\lib\rt.jar;C:\Program Files\Java\jdk1.8.0_101\jre\lib\sunrsasign.jar;C:\Program Files\Java\jdk1.8.0_101\jre\lib\jsse.jar;C:\Program Files\Java\jdk1.8.0_101\jre\lib\jce.jar;C:\Program Files\Java\jdk1.8.0_101\jre\lib\charsets.jar;C:\Program Files\Java\jdk1.8.0_101\jre\lib\jfr.jar;C:\Program Files\Java\jdk1.8.0_101\jre\classes"/>
    <property name="user.script" value=""/>
    <property name="sun.management.compiler" value="HotSpot 64-Bit Tiered Compilers"/>
    <property name="java.runtime.version" value="1.8.0_101-b13"/>
    <property name="user.name" value="iron-man"/>
    <property name="path.separator" value=";"/>
    <property name="os.version" value="10.0"/>
    <property name="java.endorsed.dirs" value="C:\Program Files\Java\jdk1.8.0_101\jre\lib\endorsed"/>
    <property name="java.runtime.name" value="Java(TM) SE Runtime Environment"/>
    <property name="file.encoding" value="GBK"/>
    <property name="java.vm.name" value="Java HotSpot(TM) 64-Bit Server VM"/>
    <property name="localRepository" value="E:\99_my_work\maven\Repository"/>
    <property name="java.vendor.url.bug" value="http://bugreport.sun.com/bugreport/"/>
    <property name="java.io.tmpdir" value="C:\Users\iron-man\AppData\Local\Temp\"/>
    <property name="idea.version" value="2017.3.7"/>
    <property name="java.version" value="1.8.0_101"/>
    <property name="user.dir" value="E:\IDEA_workspace_my\boot-cloud\zxcv-busi"/>
    <property name="os.arch" value="amd64"/>
    <property name="java.vm.specification.name" value="Java Virtual Machine Specification"/>
    <property name="java.awt.printerjob" value="sun.awt.windows.WPrinterJob"/>
    <property name="sun.os.patch.level" value=""/>
    <property name="java.library.path" value="C:\Program Files\Java\jdk1.8.0_101\jre\bin;C:\WINDOWS\Sun\Java\bin;C:\WINDOWS\system32;C:\WINDOWS;C:\ProgramData\Oracle\Java\javapath;C:\Program Files\Intel\iCLS Client\;C:\Windows\system32;C:\Windows;C:\Windows\System32\Wbem;C:\Windows\System32\WindowsPowerShell\v1.0\;C:\Program Files (x86)\NVIDIA Corporation\PhysX\Common;C:\WINDOWS\system32;C:\WINDOWS;C:\WINDOWS\System32\Wbem;C:\WINDOWS\System32\WindowsPowerShell\v1.0\;C:\WINDOWS\System32\OpenSSH\;C:\Program Files\Java\jdk1.8.0_101\bin;C:\Program Files\Java\jdk1.8.0_101\jre\bin;D:\TortoiseSVN\bin;D:\GtkSharp\2.12\bin;C:\Program Files\Microsoft SQL Server\110\Tools\Binn\;C:\Program Files\NVIDIA Corporation\NVIDIA NvDLISR;C:\Program Files (x86)\Intel\Intel(R) Management Engine Components\DAL;C:\Program Files\Intel\Intel(R) Management Engine Components\DAL;%SystemRoot%\system32;%SystemRoot%;%SystemRoot%\System32\Wbem;%SYSTEMROOT%\System32\WindowsPowerShell\v1.0\;%SYSTEMROOT%\System32\OpenSSH\;C:\Users\iron-man\AppData\Local\Microsoft\WindowsApps;;."/>
    <property name="java.vm.info" value="mixed mode"/>
    <property name="java.vendor" value="Oracle Corporation"/>
    <property name="java.vm.version" value="25.101-b13"/>
    <property name="java.ext.dirs" value="C:\Program Files\Java\jdk1.8.0_101\jre\lib\ext;C:\WINDOWS\Sun\Java\lib\ext"/>
    <property name="sun.io.unicode.encoding" value="UnicodeLittle"/>
    <property name="java.class.version" value="52.0"/>
  </properties>
  <testcase name="testQueryOp" classname="sys.TsOrgTest" time="1.692"/>
  <testcase name="testSelectOp" classname="sys.TsOrgTest" time="0.174"/>
</testsuite>